android/app/build/intermediates/manifest_merge_blame_file/debug/manifest-merger-blame-debug-report.txt
1<?xml version="1.0" encoding="utf-8"?>
2<manifest xmlns:android="http://schemas.android.com/apk/res/android"
3    package="org.tensorflow.lite.examples.bertapp"
4    android:versionCode="1"
5    android:versionName="1.0" >
6
7    <uses-sdk
8        android:minSdkVersion="26"
8-->src\main\AndroidManifest.xml
9        android:targetSdkVersion="29" />
9-->src\main\AndroidManifest.xml
10
11    <uses-permission android:name="android.permission.INTERNET" />
11-->src\main\AndroidManifest.xml:4:5-5:70
11-->src\main\AndroidManifest.xml:5:9-51
12
13    <application
13-->src\main\AndroidManifest.xml:6:3-23:17
14        android:allowBackup="true"
14-->src\main\AndroidManifest.xml:7:7-33
15        android:appComponentFactory="androidx.core.app.CoreComponentFactory"
15-->[androidx.core:core:1.1.0] AndroidManifest.xml:24:18-86
16        android:debuggable="true"
17        android:extractNativeLibs="false"
18        android:icon="@mipmap/ic_launcher"
18-->src\main\AndroidManifest.xml:8:7-41
19        android:label="@string/tfe_re_app_name"
19-->src\main\AndroidManifest.xml:9:7-46
20        android:roundIcon="@mipmap/ic_launcher_round"
20-->src\main\AndroidManifest.xml:10:7-52
21        android:supportsRtl="true"
21-->src\main\AndroidManifest.xml:11:7-33
22        android:testOnly="true"
23        android:theme="@style/AppTheme.Recommendation" >
23-->src\main\AndroidManifest.xml:12:7-53
24        <activity
24-->src\main\AndroidManifest.xml:14:5-22:16
25            android:name="org.tensorflow.lite.examples.recommendation.MainActivity"
25-->src\main\AndroidManifest.xml:15:9-37
26            android:exported="true"
26-->src\main\AndroidManifest.xml:16:9-32
27            android:windowSoftInputMode="adjustResize" >
27-->src\main\AndroidManifest.xml:17:9-51
28            <intent-filter>
28-->src\main\AndroidManifest.xml:18:7-21:23
29                <action android:name="android.intent.action.MAIN" />
29-->src\main\AndroidManifest.xml:19:9-61
29-->src\main\AndroidManifest.xml:19:17-58
30
31                <category android:name="android.intent.category.LAUNCHER" />
31-->src\main\AndroidManifest.xml:20:9-69
31-->src\main\AndroidManifest.xml:20:19-66
32            </intent-filter>
33        </activity>
34
35        <provider
35-->[com.squareup.picasso:picasso:2.71828] AndroidManifest.xml:8:9-11:40
36            android:name="com.squareup.picasso.PicassoProvider"
36-->[com.squareup.picasso:picasso:2.71828] AndroidManifest.xml:9:13-64
37            android:authorities="org.tensorflow.lite.examples.bertapp.com.squareup.picasso"
37-->[com.squareup.picasso:picasso:2.71828] AndroidManifest.xml:10:13-72
38            android:exported="false" />
38-->[com.squareup.picasso:picasso:2.71828] AndroidManifest.xml:11:13-37
39    </application>
40
41</manifest>